#
# There is insufficient memory for the Java Runtime Environment to continue.
# Native memory allocation (malloc) failed to allocate 1180336 bytes for Chunk::new
# Possible reasons:
#   The system is out of physical RAM or swap space
#   In 32 bit mode, the process size limit was hit
# Possible solutions:
#   Reduce memory load on the system
#   Increase physical memory or swap space
#   Check if swap backing store is full
#   Use 64 bit Java on a 64 bit OS
#   Decrease Java heap size (-Xmx/-Xms)
#   Decrease number of Java threads
#   Decrease Java thread stack sizes (-Xss)
#   Set larger code cache with -XX:ReservedCodeCacheSize=
# This output file may be truncated or incomplete.
#
#  Out of Memory Error (allocation.cpp:390), pid=9648, tid=0x0000000000000494
#
# JRE version: Java(TM) SE Runtime Environment (8.0_144-b01) (build 1.8.0_144-b01)
# Java VM: Java HotSpot(TM) 64-Bit Server VM (25.144-b01 mixed mode windows-amd64 compressed oops)
# Failed to write core dump. Minidumps are not enabled by default on client versions of Windows
#

---------------  T H R E A D  ---------------

Current thread (0x0000000017b19800):  JavaThread "C2 CompilerThread1" daemon [_thread_in_native, id=1172, stack(0x0000000019280000,0x0000000019380000)]

Stack: [0x0000000019280000,0x0000000019380000]
[error occurred during error reporting (printing stack bounds), id 0xc0000005]

Native frames: (J=compiled Java code, j=interpreted, Vv=VM code, C=native code)


Current CompileTask:
C2:  19363 5679   !   4       org.springframework.core.annotation.AnnotatedElementUtils::searchWithFindSemantics (773 bytes)


---------------  P R O C E S S  ---------------

Java Threads: ( => current thread )
  0x000000001c3e7000 JavaThread "HikariPool-1 housekeeper" daemon [_thread_blocked, id=13204, stack(0x0000000020df0000,0x0000000020ef0000)]
  0x000000001c3e5800 JavaThread "PostgreSQL-JDBC-SharedTimer-1" daemon [_thread_blocked, id=15920, stack(0x0000000020cf0000,0x0000000020df0000)]
  0x000000001adac800 JavaThread "container-0" [_thread_blocked, id=7448, stack(0x00000000204c0000,0x00000000205c0000)]
  0x0000000019566000 JavaThread "ContainerBackgroundProcessor[StandardEngine[Tomcat]]" daemon [_thread_blocked, id=15524, stack(0x0000000020130000,0x0000000020230000)]
  0x00000000194b0800 JavaThread "Service Thread" daemon [_thread_blocked, id=10248, stack(0x0000000019880000,0x0000000019980000)]
  0x0000000017b20000 JavaThread "C1 CompilerThread2" daemon [_thread_blocked, id=5980, stack(0x0000000019380000,0x0000000019480000)]
=>0x0000000017b19800 JavaThread "C2 CompilerThread1" daemon [_thread_in_native, id=1172, stack(0x0000000019280000,0x0000000019380000)]
  0x0000000017b17000 JavaThread "C2 CompilerThread0" daemon [_thread_in_native, id=15288, stack(0x0000000019180000,0x0000000019280000)]
  0x0000000017b15800 JavaThread "Attach Listener" daemon [_thread_blocked, id=2480, stack(0x0000000019080000,0x0000000019180000)]
  0x0000000017b12800 JavaThread "Signal Dispatcher" daemon [_thread_blocked, id=12244, stack(0x0000000018f80000,0x0000000019080000)]
  0x0000000017b00000 JavaThread "Finalizer" daemon [_thread_blocked, id=7588, stack(0x0000000018d70000,0x0000000018e70000)]
  0x0000000002fb6000 JavaThread "Reference Handler" daemon [_thread_blocked, id=556, stack(0x0000000018c70000,0x0000000018d70000)]
  0x0000000002ec5800 JavaThread "main" [_thread_in_Java, id=13072, stack(0x0000000002dc0000,0x0000000002ec0000)]

Other Threads:
  0x0000000017ad6800 VMThread [stack: 0x0000000018b70000,0x0000000018c70000] [id=7376]
  0x0000000019516800 WatcherThread [stack: 0x0000000019ae0000,0x0000000019be0000] [id=16292]

VM state:not at safepoint (normal execution)

VM Mutex/Monitor currently owned by a thread: None

Heap:
 PSYoungGen      total 347648K, used 11433K [0x00000000d5d80000, 0x00000000f0000000, 0x0000000100000000)
  eden space 329728K, 3% used [0x00000000d5d80000,0x00000000d68aa498,0x00000000e9f80000)
  from space 17920K, 0% used [0x00000000e9f80000,0x00000000e9f80000,0x00000000eb100000)
  to   space 14336K, 0% used [0x00000000eb100000,0x00000000eb100000,0x00000000ebf00000)
 ParOldGen       total 83456K, used 34858K [0x0000000081800000, 0x0000000086980000, 0x00000000d5d80000)
  object space 83456K, 41% used [0x0000000081800000,0x0000000083a0aa08,0x0000000086980000)
 Metaspace       used 57719K, capacity 60249K, committed 60440K, reserved 1101824K
  class space    used 7715K, capacity 8177K, committed 8232K, reserved 1048576K

Card table byte_map: [0x0000000012380000,0x0000000012780000] byte_map_base: 0x0000000011f74000

Marking Bits: (ParMarkBitMap*) 0x000000006ea0d850
 Begin Bits: [0x0000000012e30000, 0x0000000014dd0000)
 End Bits:   [0x0000000014dd0000, 0x0000000016d70000)

Polling page: 0x0000000002ce0000

CodeCache: size=245760Kb used=18095Kb max_used=18099Kb free=227664Kb
 bounds [0x0000000002fc0000, 0x0000000004180000, 0x0000000011fc0000]
 total_blobs=5634 nmethods=5116 adapters=430
 compilation: enabled

Compilation events (10 events):
Event: 18.545 Thread 0x0000000017b20000 5707   !   3       com.sun.proxy.$Proxy33::annotationType (29 bytes)
Event: 18.546 Thread 0x0000000017b20000 nmethod 5707 0x00000000041629d0 code [0x0000000004162b60, 0x0000000004162f98]
Event: 18.547 Thread 0x0000000017b20000 5708       2       org.springframework.core.annotation.AnnotatedElementUtils::searchWithGetSemanticsInAnnotations (339 bytes)
Event: 18.549 Thread 0x0000000017b20000 nmethod 5708 0x0000000004165c90 code [0x0000000004165fa0, 0x0000000004166a78]
Event: 19.097 Thread 0x0000000017b20000 5711       3       jdk.internal.org.objectweb.asm.Frame::pop (53 bytes)
Event: 19.098 Thread 0x0000000017b20000 nmethod 5711 0x0000000004165310 code [0x00000000041654e0, 0x0000000004165a28]
Event: 19.100 Thread 0x0000000017b20000 5712       3       java.security.MessageDigest::update (14 bytes)
Event: 19.100 Thread 0x0000000017b20000 nmethod 5712 0x0000000004162550 code [0x00000000041626c0, 0x0000000004162908]
Event: 19.144 Thread 0x0000000017b20000 5713       3       java.util.Locale::getVariant (8 bytes)
Event: 19.144 Thread 0x0000000017b20000 nmethod 5713 0x00000000031eda50 code [0x00000000031edba0, 0x00000000031edd90]

GC Heap History (10 events):
Event: 7.580 GC heap before
{Heap before GC invocations=8 (full 1):
 PSYoungGen      total 223744K, used 78416K [0x00000000d5d80000, 0x00000000e7680000, 0x0000000100000000)
  eden space 212992K, 31% used [0x00000000d5d80000,0x00000000d9f95020,0x00000000e2d80000)
  from space 10752K, 99% used [0x00000000e6c00000,0x00000000e767f3d0,0x00000000e7680000)
  to   space 13824K, 0% used [0x00000000e5b80000,0x00000000e5b80000,0x00000000e6900000)
 ParOldGen       total 55296K, used 7033K [0x0000000081800000, 0x0000000084e00000, 0x00000000d5d80000)
  object space 55296K, 12% used [0x0000000081800000,0x0000000081ede6b0,0x0000000084e00000)
 Metaspace       used 34063K, capacity 35477K, committed 35496K, reserved 1079296K
  class space    used 4522K, capacity 4776K, committed 4776K, reserved 1048576K
Event: 7.596 GC heap after
Heap after GC invocations=8 (full 1):
 PSYoungGen      total 273920K, used 9635K [0x00000000d5d80000, 0x00000000ebf00000, 0x0000000100000000)
  eden space 260096K, 0% used [0x00000000d5d80000,0x00000000d5d80000,0x00000000e5b80000)
  from space 13824K, 69% used [0x00000000e5b80000,0x00000000e64e8d98,0x00000000e6900000)
  to   space 14336K, 0% used [0x00000000eb100000,0x00000000eb100000,0x00000000ebf00000)
 ParOldGen       total 55296K, used 7041K [0x0000000081800000, 0x0000000084e00000, 0x00000000d5d80000)
  object space 55296K, 12% used [0x0000000081800000,0x0000000081ee06b0,0x0000000084e00000)
 Metaspace       used 34063K, capacity 35477K, committed 35496K, reserved 1079296K
  class space    used 4522K, capacity 4776K, committed 4776K, reserved 1048576K
}
Event: 7.596 GC heap before
{Heap before GC invocations=9 (full 2):
 PSYoungGen      total 273920K, used 9635K [0x00000000d5d80000, 0x00000000ebf00000, 0x0000000100000000)
  eden space 260096K, 0% used [0x00000000d5d80000,0x00000000d5d80000,0x00000000e5b80000)
  from space 13824K, 69% used [0x00000000e5b80000,0x00000000e64e8d98,0x00000000e6900000)
  to   space 14336K, 0% used [0x00000000eb100000,0x00000000eb100000,0x00000000ebf00000)
 ParOldGen       total 55296K, used 7041K [0x0000000081800000, 0x0000000084e00000, 0x00000000d5d80000)
  object space 55296K, 12% used [0x0000000081800000,0x0000000081ee06b0,0x0000000084e00000)
 Metaspace       used 34063K, capacity 35477K, committed 35496K, reserved 1079296K
  class space    used 4522K, capacity 4776K, committed 4776K, reserved 1048576K
Event: 7.697 GC heap after
Heap after GC invocations=9 (full 2):
 PSYoungGen      total 273920K, used 0K [0x00000000d5d80000, 0x00000000ebf00000, 0x0000000100000000)
  eden space 260096K, 0% used [0x00000000d5d80000,0x00000000d5d80000,0x00000000e5b80000)
  from space 13824K, 0% used [0x00000000e5b80000,0x00000000e5b80000,0x00000000e6900000)
  to   space 14336K, 0% used [0x00000000eb100000,0x00000000eb100000,0x00000000ebf00000)
 ParOldGen       total 83456K, used 13463K [0x0000000081800000, 0x0000000086980000, 0x00000000d5d80000)
  object space 83456K, 16% used [0x0000000081800000,0x0000000082525fc0,0x0000000086980000)
 Metaspace       used 34063K, capacity 35477K, committed 35496K, reserved 1079296K
  class space    used 4522K, capacity 4776K, committed 4776K, reserved 1048576K
}
Event: 14.534 GC heap before
{Heap before GC invocations=10 (full 2):
 PSYoungGen      total 273920K, used 260096K [0x00000000d5d80000, 0x00000000ebf00000, 0x0000000100000000)
  eden space 260096K, 100% used [0x00000000d5d80000,0x00000000e5b80000,0x00000000e5b80000)
  from space 13824K, 0% used [0x00000000e5b80000,0x00000000e5b80000,0x00000000e6900000)
  to   space 14336K, 0% used [0x00000000eb100000,0x00000000eb100000,0x00000000ebf00000)
 ParOldGen       total 83456K, used 13463K [0x0000000081800000, 0x0000000086980000, 0x00000000d5d80000)
  object space 83456K, 16% used [0x0000000081800000,0x0000000082525fc0,0x0000000086980000)
 Metaspace       used 42530K, capacity 44603K, committed 44840K, reserved 1087488K
  class space    used 5509K, capacity 5892K, committed 5928K, reserved 1048576K
Event: 14.579 GC heap after
Heap after GC invocations=10 (full 2):
 PSYoungGen      total 344064K, used 14333K [0x00000000d5d80000, 0x00000000f0000000, 0x0000000100000000)
  eden space 329728K, 0% used [0x00000000d5d80000,0x00000000d5d80000,0x00000000e9f80000)
  from space 14336K, 99% used [0x00000000eb100000,0x00000000ebeff6f8,0x00000000ebf00000)
  to   space 17920K, 0% used [0x00000000e9f80000,0x00000000e9f80000,0x00000000eb100000)
 ParOldGen       total 83456K, used 16905K [0x0000000081800000, 0x0000000086980000, 0x00000000d5d80000)
  object space 83456K, 20% used [0x0000000081800000,0x0000000082882570,0x0000000086980000)
 Metaspace       used 42530K, capacity 44603K, committed 44840K, reserved 1087488K
  class space    used 5509K, capacity 5892K, committed 5928K, reserved 1048576K
}
Event: 18.591 GC heap before
{Heap before GC invocations=11 (full 2):
 PSYoungGen      total 344064K, used 170135K [0x00000000d5d80000, 0x00000000f0000000, 0x0000000100000000)
  eden space 329728K, 47% used [0x00000000d5d80000,0x00000000df5a65c0,0x00000000e9f80000)
  from space 14336K, 99% used [0x00000000eb100000,0x00000000ebeff6f8,0x00000000ebf00000)
  to   space 17920K, 0% used [0x00000000e9f80000,0x00000000e9f80000,0x00000000eb100000)
 ParOldGen       total 83456K, used 16905K [0x0000000081800000, 0x0000000086980000, 0x00000000d5d80000)
  object space 83456K, 20% used [0x0000000081800000,0x0000000082882570,0x0000000086980000)
 Metaspace       used 56569K, capacity 58809K, committed 59160K, reserved 1099776K
  class space    used 7548K, capacity 7975K, committed 7976K, reserved 1048576K
Event: 18.630 GC heap after
Heap after GC invocations=11 (full 2):
 PSYoungGen      total 347648K, used 17901K [0x00000000d5d80000, 0x00000000f0000000, 0x0000000100000000)
  eden space 329728K, 0% used [0x00000000d5d80000,0x00000000d5d80000,0x00000000e9f80000)
  from space 17920K, 99% used [0x00000000e9f80000,0x00000000eb0fb618,0x00000000eb100000)
  to   space 14336K, 0% used [0x00000000eb100000,0x00000000eb100000,0x00000000ebf00000)
 ParOldGen       total 83456K, used 22829K [0x0000000081800000, 0x0000000086980000, 0x00000000d5d80000)
  object space 83456K, 27% used [0x0000000081800000,0x0000000082e4b5f8,0x0000000086980000)
 Metaspace       used 56569K, capacity 58809K, committed 59160K, reserved 1099776K
  class space    used 7548K, capacity 7975K, committed 7976K, reserved 1048576K
}
Event: 18.630 GC heap before
{Heap before GC invocations=12 (full 3):
 PSYoungGen      total 347648K, used 17901K [0x00000000d5d80000, 0x00000000f0000000, 0x0000000100000000)
  eden space 329728K, 0% used [0x00000000d5d80000,0x00000000d5d80000,0x00000000e9f80000)
  from space 17920K, 99% used [0x00000000e9f80000,0x00000000eb0fb618,0x00000000eb100000)
  to   space 14336K, 0% used [0x00000000eb100000,0x00000000eb100000,0x00000000ebf00000)
 ParOldGen       total 83456K, used 22829K [0x0000000081800000, 0x0000000086980000, 0x00000000d5d80000)
  object space 83456K, 27% used [0x0000000081800000,0x0000000082e4b5f8,0x0000000086980000)
 Metaspace       used 56569K, capacity 58809K, committed 59160K, reserved 1099776K
  class space    used 7548K, capacity 7975K, committed 7976K, reserved 1048576K
Event: 19.006 GC heap after
Heap after GC invocations=12 (full 3):
 PSYoungGen      total 347648K, used 0K [0x00000000d5d80000, 0x00000000f0000000, 0x0000000100000000)
  eden space 329728K, 0% used [0x00000000d5d80000,0x00000000d5d80000,0x00000000e9f80000)
  from space 17920K, 0% used [0x00000000e9f80000,0x00000000e9f80000,0x00000000eb100000)
  to   space 14336K, 0% used [0x00000000eb100000,0x00000000eb100000,0x00000000ebf00000)
 ParOldGen       total 83456K, used 34858K [0x0000000081800000, 0x0000000086980000, 0x00000000d5d80000)
  object space 83456K, 41% used [0x0000000081800000,0x0000000083a0aa08,0x0000000086980000)
 Metaspace       used 56569K, capacity 58809K, committed 59160K, reserved 1099776K
  class space    used 7548K, capacity 7975K, committed 7976K, reserved 1048576K
}

Deoptimization events (10 events):
Event: 18.375 Thread 0x0000000002ec5800 Uncommon trap: reason=null_check action=make_not_entrant pc=0x0000000003b91de0 method=org.springframework.util.ClassUtils.isAssignable(Ljava/lang/Class;Ljava/lang/Class;)Z @ 14
Event: 18.393 Thread 0x0000000002ec5800 Uncommon trap: reason=class_check action=maybe_recompile pc=0x0000000003d2a934 method=org.springframework.asm.ClassReader.readCode(Lorg/springframework/asm/MethodVisitor;Lorg/springframework/asm/Context;I)V @ 1886
Event: 18.399 Thread 0x0000000002ec5800 Uncommon trap: reason=class_check action=maybe_recompile pc=0x0000000003d2b5d0 method=org.springframework.asm.ClassReader.readCode(Lorg/springframework/asm/MethodVisitor;Lorg/springframework/asm/Context;I)V @ 2797
Event: 18.429 Thread 0x0000000002ec5800 Uncommon trap: reason=class_check action=maybe_recompile pc=0x0000000003d2a934 method=org.springframework.asm.ClassReader.readCode(Lorg/springframework/asm/MethodVisitor;Lorg/springframework/asm/Context;I)V @ 1886
Event: 18.430 Thread 0x0000000002ec5800 Uncommon trap: reason=class_check action=maybe_recompile pc=0x0000000003d2aa04 method=org.springframework.asm.ClassReader.readCode(Lorg/springframework/asm/MethodVisitor;Lorg/springframework/asm/Context;I)V @ 2419
Event: 18.458 Thread 0x0000000002ec5800 Uncommon trap: reason=unstable_if action=reinterpret pc=0x000000000364e0d8 method=java.lang.reflect.Proxy.isProxyClass(Ljava/lang/Class;)Z @ 16
Event: 18.459 Thread 0x0000000002ec5800 Uncommon trap: reason=unstable_if action=reinterpret pc=0x000000000312144c method=sun.reflect.misc.ReflectUtil.isNonPublicProxyClass(Ljava/lang/Class;)Z @ 33
Event: 18.459 Thread 0x0000000002ec5800 Uncommon trap: reason=unstable_if action=reinterpret pc=0x0000000003778fbc method=sun.reflect.misc.ReflectUtil.isNonPublicProxyClass(Ljava/lang/Class;)Z @ 33
Event: 18.479 Thread 0x0000000002ec5800 Uncommon trap: reason=class_check action=maybe_recompile pc=0x0000000003beb700 method=org.springframework.beans.factory.support.AbstractBeanFactory.isTypeMatch(Ljava/lang/String;Lorg/springframework/core/ResolvableType;)Z @ 47
Event: 18.534 Thread 0x0000000002ec5800 Uncommon trap: reason=null_check action=make_not_entrant pc=0x000000000416c1ec method=org.springframework.core.annotation.AnnotatedElementUtils.searchWithGetSemanticsInAnnotations(Ljava/lang/reflect/AnnotatedElement;Ljava/util/List;Ljava/lang/Class;Ljava/

Internal exceptions (10 events):
Event: 18.464 Thread 0x0000000002ec5800 Exception <a 'java/lang/ClassNotFoundException': java/lang/ObjectCustomizer> (0x00000000df0be258) thrown at [C:\re\workspace\8-2-build-windows-amd64-cygwin\jdk8u144\9417\hotspot\src\share\vm\classfile\systemDictionary.cpp, line 210]
Event: 18.465 Thread 0x0000000002ec5800 Exception <a 'java/lang/ClassNotFoundException': org/springframework/beans/factory/config/AbstractFactoryBeanCustomizer> (0x00000000df0d9998) thrown at [C:\re\workspace\8-2-build-windows-amd64-cygwin\jdk8u144\9417\hotspot\src\share\vm\classfile\systemDict
Event: 18.466 Thread 0x0000000002ec5800 Exception <a 'java/lang/ClassNotFoundException': org/springframework/data/jpa/repository/config/JpaMetamodelMappingContextFactoryBeanCustomizer> (0x00000000df0ff700) thrown at [C:\re\workspace\8-2-build-windows-amd64-cygwin\jdk8u144\9417\hotspot\src\share
Event: 18.467 Thread 0x0000000002ec5800 Exception <a 'java/lang/ClassNotFoundException': org/springframework/context/ApplicationContextAwareCustomizer> (0x00000000df120678) thrown at [C:\re\workspace\8-2-build-windows-amd64-cygwin\jdk8u144\9417\hotspot\src\share\vm\classfile\systemDictionary.cp
Event: 18.468 Thread 0x0000000002ec5800 Exception <a 'java/lang/ClassNotFoundException': org/springframework/beans/factory/FactoryBeanCustomizer> (0x00000000df136220) thrown at [C:\re\workspace\8-2-build-windows-amd64-cygwin\jdk8u144\9417\hotspot\src\share\vm\classfile\systemDictionary.cpp, lin
Event: 18.473 Thread 0x0000000002ec5800 Exception <a 'java/lang/ClassNotFoundException': org/springframework/beans/factory/BeanClassLoaderAwareCustomizer> (0x00000000df14ff10) thrown at [C:\re\workspace\8-2-build-windows-amd64-cygwin\jdk8u144\9417\hotspot\src\share\vm\classfile\systemDictionary
Event: 18.473 Thread 0x0000000002ec5800 Exception <a 'java/lang/ClassNotFoundException': org/springframework/beans/factory/BeanFactoryAwareCustomizer> (0x00000000df166928) thrown at [C:\re\workspace\8-2-build-windows-amd64-cygwin\jdk8u144\9417\hotspot\src\share\vm\classfile\systemDictionary.cpp
Event: 18.473 Thread 0x0000000002ec5800 Exception <a 'java/lang/ClassNotFoundException': org/springframework/beans/factory/InitializingBeanCustomizer> (0x00000000df17d898) thrown at [C:\re\workspace\8-2-build-windows-amd64-cygwin\jdk8u144\9417\hotspot\src\share\vm\classfile\systemDictionary.cpp
Event: 18.474 Thread 0x0000000002ec5800 Exception <a 'java/lang/ClassNotFoundException': org/springframework/beans/factory/DisposableBeanCustomizer> (0x00000000df192ac8) thrown at [C:\re\workspace\8-2-build-windows-amd64-cygwin\jdk8u144\9417\hotspot\src\share\vm\classfile\systemDictionary.cpp, 
Event: 18.534 Thread 0x0000000002ec5800 Implicit null exception at 0x00000000041691b9 to 0x000000000416c1c9

Events (10 events):
Event: 19.263 loading class org/hibernate/stat/internal/ConcurrentNaturalIdCacheStatisticsImpl
Event: 19.263 loading class org/hibernate/stat/internal/ConcurrentNaturalIdCacheStatisticsImpl done
Event: 19.264 loading class org/hibernate/stat/internal/ConcurrentQueryStatisticsImpl
Event: 19.264 loading class org/hibernate/stat/internal/ConcurrentQueryStatisticsImpl done
Event: 19.264 loading class org/hibernate/stat/internal/ConcurrentCollectionStatisticsImpl
Event: 19.264 loading class org/hibernate/stat/internal/ConcurrentCollectionStatisticsImpl done
Event: 19.265 loading class javax/persistence/PessimisticLockScope
Event: 19.265 loading class javax/persistence/PessimisticLockScope done
Event: 19.266 loading class org/hibernate/jpa/internal/util/CacheModeHelper
Event: 19.266 loading class org/hibernate/jpa/internal/util/CacheModeHelper done


Dynamic libraries:
0x00007ff757150000 - 0x00007ff757187000 	C:\Program Files\Java\jdk1.8.0_144\bin\javaw.exe
0x00007ff840ea0000 - 0x00007ff841090000 	C:\WINDOWS\SYSTEM32\ntdll.dll
0x00007ff83fe30000 - 0x00007ff83fee2000 	C:\WINDOWS\System32\KERNEL32.DLL
0x00007ff83e9b0000 - 0x00007ff83ec54000 	C:\WINDOWS\System32\KERNELBASE.dll
0x00007ff83ff00000 - 0x00007ff83ffa3000 	C:\WINDOWS\System32\ADVAPI32.dll
0x00007ff840250000 - 0x00007ff8402ee000 	C:\WINDOWS\System32\msvcrt.dll
0x00007ff83f5f0000 - 0x00007ff83f687000 	C:\WINDOWS\System32\sechost.dll
0x00007ff83f400000 - 0x00007ff83f520000 	C:\WINDOWS\System32\RPCRT4.dll
0x00007ff83f0b0000 - 0x00007ff83f244000 	C:\WINDOWS\System32\USER32.dll
0x00007ff83df30000 - 0x00007ff83df51000 	C:\WINDOWS\System32\win32u.dll
0x00007ff840530000 - 0x00007ff840556000 	C:\WINDOWS\System32\GDI32.dll
0x00007ff83edb0000 - 0x00007ff83ef44000 	C:\WINDOWS\System32\gdi32full.dll
0x00007ff83e190000 - 0x00007ff83e22e000 	C:\WINDOWS\System32\msvcp_win.dll
0x00007ff83e010000 - 0x00007ff83e10a000 	C:\WINDOWS\System32\ucrtbase.dll
0x00007ff82e850000 - 0x00007ff82ead4000 	C:\WINDOWS\WinSxS\amd64_microsoft.windows.common-controls_6595b64144ccf1df_6.0.18362.815_none_e6c3b941130ffef4\COMCTL32.dll
0x00007ff840b20000 - 0x00007ff840e56000 	C:\WINDOWS\System32\combase.dll
0x00007ff83de30000 - 0x00007ff83deb0000 	C:\WINDOWS\System32\bcryptPrimitives.dll
0x00007ff8403f0000 - 0x00007ff84041e000 	C:\WINDOWS\System32\IMM32.DLL
0x000000006ea90000 - 0x000000006eb62000 	C:\Program Files\Java\jdk1.8.0_144\jre\bin\msvcr100.dll
0x000000006e1f0000 - 0x000000006ea8d000 	C:\Program Files\Java\jdk1.8.0_144\jre\bin\server\jvm.dll
0x00007ff840560000 - 0x00007ff840568000 	C:\WINDOWS\System32\PSAPI.DLL
0x00007ff820d00000 - 0x00007ff820d09000 	C:\WINDOWS\SYSTEM32\WSOCK32.dll
0x00007ff83bcd0000 - 0x00007ff83bcf4000 	C:\WINDOWS\SYSTEM32\WINMM.dll
0x00007ff840ab0000 - 0x00007ff840b1f000 	C:\WINDOWS\System32\WS2_32.dll
0x00007ff836ba0000 - 0x00007ff836baa000 	C:\WINDOWS\SYSTEM32\VERSION.dll
0x00007ff83b930000 - 0x00007ff83b95d000 	C:\WINDOWS\SYSTEM32\WINMMBASE.dll
0x00007ff83e110000 - 0x00007ff83e15a000 	C:\WINDOWS\System32\cfgmgr32.dll
0x000000006e1e0000 - 0x000000006e1ef000 	C:\Program Files\Java\jdk1.8.0_144\jre\bin\verify.dll
0x000000006e1b0000 - 0x000000006e1d9000 	C:\Program Files\Java\jdk1.8.0_144\jre\bin\java.dll
0x000000006e190000 - 0x000000006e1a6000 	C:\Program Files\Java\jdk1.8.0_144\jre\bin\zip.dll
0x00007ff83f740000 - 0x00007ff83fe24000 	C:\WINDOWS\System32\SHELL32.dll
0x00007ff83f690000 - 0x00007ff83f739000 	C:\WINDOWS\System32\shcore.dll
0x00007ff83e230000 - 0x00007ff83e9ad000 	C:\WINDOWS\System32\windows.storage.dll
0x00007ff83de00000 - 0x00007ff83de23000 	C:\WINDOWS\System32\profapi.dll
0x00007ff83dd90000 - 0x00007ff83ddda000 	C:\WINDOWS\System32\powrprof.dll
0x00007ff83dd60000 - 0x00007ff83dd70000 	C:\WINDOWS\System32\UMPDC.dll
0x00007ff83ffb0000 - 0x00007ff840002000 	C:\WINDOWS\System32\shlwapi.dll
0x00007ff83dd70000 - 0x00007ff83dd81000 	C:\WINDOWS\System32\kernel.appcore.dll
0x00007ff83deb0000 - 0x00007ff83dec7000 	C:\WINDOWS\System32\cryptsp.dll
0x000000006e180000 - 0x000000006e18d000 	C:\Program Files\Java\jdk1.8.0_144\jre\bin\management.dll
0x000000006e160000 - 0x000000006e17a000 	C:\Program Files\Java\jdk1.8.0_144\jre\bin\net.dll
0x00007ff83d5d0000 - 0x00007ff83d637000 	C:\WINDOWS\system32\mswsock.dll
0x00007ff824f20000 - 0x00007ff824f36000 	C:\WINDOWS\system32\napinsp.dll
0x00007ff824f00000 - 0x00007ff824f1a000 	C:\WINDOWS\system32\pnrpnsp.dll
0x00007ff83d2c0000 - 0x00007ff83d38b000 	C:\WINDOWS\SYSTEM32\DNSAPI.dll
0x00007ff8401d0000 - 0x00007ff8401d8000 	C:\WINDOWS\System32\NSI.dll
0x00007ff83d280000 - 0x00007ff83d2ba000 	C:\WINDOWS\SYSTEM32\IPHLPAPI.DLL
0x00007ff824ef0000 - 0x00007ff824efe000 	C:\WINDOWS\System32\winrnr.dll
0x00007ff83a5a0000 - 0x00007ff83a5bc000 	C:\WINDOWS\system32\NLAapi.dll
0x00007ff824ea0000 - 0x00007ff824eb5000 	C:\WINDOWS\system32\wshbth.dll
0x00007ff82ecc0000 - 0x00007ff82ecca000 	C:\Windows\System32\rasadhlp.dll
0x00007ff831a40000 - 0x00007ff831ab7000 	C:\WINDOWS\System32\fwpuclnt.dll
0x00007ff83e160000 - 0x00007ff83e186000 	C:\WINDOWS\System32\bcrypt.dll
0x000000006e140000 - 0x000000006e151000 	C:\Program Files\Java\jdk1.8.0_144\jre\bin\nio.dll
0x00007ff83d0e0000 - 0x00007ff83d113000 	C:\WINDOWS\system32\rsaenh.dll
0x00007ff83dc50000 - 0x00007ff83dc75000 	C:\WINDOWS\SYSTEM32\USERENV.dll
0x00007ff83d7a0000 - 0x00007ff83d7ac000 	C:\WINDOWS\SYSTEM32\CRYPTBASE.dll
0x00007ff831dd0000 - 0x00007ff831de6000 	C:\WINDOWS\SYSTEM32\dhcpcsvc6.DLL
0x00007ff831ec0000 - 0x00007ff831edc000 	C:\WINDOWS\SYSTEM32\dhcpcsvc.DLL

VM Arguments:
jvm_args: -Dfile.encoding=UTF-8 
java_command: org.comeia.project.App
java_class_path (initial): C:\Breno usuário\eclipse\architecture-example\target\classes;C:\Users\breno\Downloads\apache\apache-maven-3.6.3\org\springframework\boot\spring-boot-starter-web\2.0.5.RELEASE\spring-boot-starter-web-2.0.5.RELEASE.jar;C:\Users\breno\Downloads\apache\apache-maven-3.6.3\org\springframework\boot\spring-boot-starter\2.0.5.RELEASE\spring-boot-starter-2.0.5.RELEASE.jar;C:\Users\breno\Downloads\apache\apache-maven-3.6.3\org\springframework\boot\spring-boot\2.0.5.RELEASE\spring-boot-2.0.5.RELEASE.jar;C:\Users\breno\Downloads\apache\apache-maven-3.6.3\org\springframework\boot\spring-boot-autoconfigure\2.0.5.RELEASE\spring-boot-autoconfigure-2.0.5.RELEASE.jar;C:\Users\breno\Downloads\apache\apache-maven-3.6.3\org\springframework\boot\spring-boot-starter-logging\2.0.5.RELEASE\spring-boot-starter-logging-2.0.5.RELEASE.jar;C:\Users\breno\Downloads\apache\apache-maven-3.6.3\ch\qos\logback\logback-classic\1.2.3\logback-classic-1.2.3.jar;C:\Users\breno\Downloads\apache\apache-maven-3.6.3\ch\qos\logback\logback-core\1.2.3\logback-core-1.2.3.jar;C:\Users\breno\Downloads\apache\apache-maven-3.6.3\org\apache\logging\log4j\log4j-to-slf4j\2.10.0\log4j-to-slf4j-2.10.0.jar;C:\Users\breno\Downloads\apache\apache-maven-3.6.3\org\apache\logging\log4j\log4j-api\2.10.0\log4j-api-2.10.0.jar;C:\Users\breno\Downloads\apache\apache-maven-3.6.3\org\slf4j\jul-to-slf4j\1.7.25\jul-to-slf4j-1.7.25.jar;C:\Users\breno\Downloads\apache\apache-maven-3.6.3\javax\annotation\javax.annotation-api\1.3.2\javax.annotation-api-1.3.2.jar;C:\Users\breno\Downloads\apache\apache-maven-3.6.3\org\springframework\boot\spring-boot-starter-json\2.0.5.RELEASE\spring-boot-starter-json-2.0.5.RELEASE.jar;C:\Users\breno\Downloads\apache\apache-maven-3.6.3\com\fasterxml\jackson\datatype\jackson-datatype-jdk8\2.9.6\jackson-datatype-jdk8-2.9.6.jar;C:\Users\breno\Downloads\apache\apache-maven-3.6.3\com\fasterxml\jackson\datatype\jackson-datatype-jsr310\2.9.6\jackson-datatype-jsr310-2.9.6.jar;C:\Users\bren
Launcher Type: SUN_STANDARD

Environment Variables:
JAVA_HOME=C:\Program Files\Java\jdk1.8.0_231\
PATH=C:/Program Files/Java/jre1.8.0_231/bin/server;C:/Program Files/Java/jre1.8.0_231/bin;C:/Program Files/Java/jre1.8.0_231/lib/amd64;C:\Program Files (x86)\Common Files\Oracle\Java\javapath;C:\Program Files (x86)\Common Files\;C:\Users\breno\Downloads\arquivos raphael\apache-maven-3.5.2\bin;C:\Program Files (x86)\Intel\Intel(R) Management Engine Components\DAL;C:\Program Files\Intel\Intel(R) Management Engine Components\DAL;C:\Program Files\Java\jdk1.8.0_231\bin;";C:\Users\breno\Downloads\arquivos raphael\apache-maven-3.5.2\bin";"C:\WINDOWS;";"C:\WINDOWS\system32;";C:\Users\breno\AppData\Local\Microsoft\WindowsApps;;C:\Users\breno\AppData\Local\Programs\Microsoft VS Code\bin;C:\Program Files\JetBrains\IntelliJ IDEA 2020.1\bin;;C:\Program Files (x86)\RocketDock;
USERNAME=breno
OS=Windows_NT
PROCESSOR_IDENTIFIER=Intel64 Family 6 Model 142 Stepping 9, GenuineIntel



---------------  S Y S T E M  ---------------

OS: Windows 10.0 , 64 bit Build 18362 (10.0.18362.778)

CPU:total 4 (initial active 4) (2 cores per cpu, 2 threads per core) family 6 model 142 stepping 9, cmov, cx8, fxsr, mmx, sse, sse2, sse3, ssse3, sse4.1, sse4.2, popcnt, avx, avx2, aes, clmul, erms, 3dnowpref, lzcnt, ht, tsc, tscinvbit, bmi1, bmi2, adx

Memory: 4k page, physical 8284916k(721052k free), swap 10230516k(6392k free)

vm_info: Java HotSpot(TM) 64-Bit Server VM (25.144-b01) for windows-amd64 JRE (1.8.0_144-b01), built on Jul 21 2017 21:57:33 by "java_re" with MS VC++ 10.0 (VS2010)

time: Mon Apr 27 21:15:14 2020
elapsed time: 19 seconds (0d 0h 0m 19s)

