#
# There is insufficient memory for the Java Runtime Environment to continue.
# Native memory allocation (malloc) failed to allocate 32744 bytes for ChunkPool::allocate
# Possible reasons:
#   The system is out of physical RAM or swap space
#   The process is running with CompressedOops enabled, and the Java Heap may be blocking the growth of the native heap
# Possible solutions:
#   Reduce memory load on the system
#   Increase physical memory or swap space
#   Check if swap backing store is full
#   Decrease Java heap size (-Xmx/-Xms)
#   Decrease number of Java threads
#   Decrease Java thread stack sizes (-Xss)
#   Set larger code cache with -XX:ReservedCodeCacheSize=
#   JVM is running with Unscaled Compressed Oops mode in which the Java heap is
#     placed in the first 4GB address space. The Java Heap base address is the
#     maximum limit for the native heap growth. Please use -XX:HeapBaseMinAddress
#     to set the Java Heap base and to place the Java Heap above 4GB virtual address.
# This output file may be truncated or incomplete.
#
#  Out of Memory Error (allocation.cpp:272), pid=13560, tid=0x0000000000001864
#
# JRE version: Java(TM) SE Runtime Environment (8.0_231-b11) (build 1.8.0_231-b11)
# Java VM: Java HotSpot(TM) 64-Bit Server VM (25.231-b11 mixed mode windows-amd64 compressed oops)
# Failed to write core dump. Minidumps are not enabled by default on client versions of Windows
#

---------------  T H R E A D  ---------------

Current thread (0x0000000017b63800):  JavaThread "C2 CompilerThread0" daemon [_thread_in_native, id=6244, stack(0x00000000191d0000,0x00000000192d0000)]

Stack: [0x00000000191d0000,0x00000000192d0000]
[error occurred during error reporting (printing stack bounds), id 0xc0000005]

Native frames: (J=compiled Java code, j=interpreted, Vv=VM code, C=native code)


Current CompileTask:
C2:  60783 6843   !   4       org.apache.maven.model.Model::clone (502 bytes)


---------------  P R O C E S S  ---------------

Java Threads: ( => current thread )
  0x0000000017ba9000 JavaThread "Service Thread" daemon [_thread_blocked, id=12160, stack(0x00000000194d0000,0x00000000195d0000)]
  0x0000000017b6c800 JavaThread "C1 CompilerThread2" daemon [_thread_blocked, id=15824, stack(0x00000000193d0000,0x00000000194d0000)]
  0x0000000017b66800 JavaThread "C2 CompilerThread1" daemon [_thread_in_native, id=2568, stack(0x00000000192d0000,0x00000000193d0000)]
=>0x0000000017b63800 JavaThread "C2 CompilerThread0" daemon [_thread_in_native, id=6244, stack(0x00000000191d0000,0x00000000192d0000)]
  0x0000000017b5c800 JavaThread "Attach Listener" daemon [_thread_blocked, id=11220, stack(0x00000000190d0000,0x00000000191d0000)]
  0x0000000017b5b000 JavaThread "Signal Dispatcher" daemon [_thread_blocked, id=1296, stack(0x0000000018fd0000,0x00000000190d0000)]
  0x0000000017b49800 JavaThread "Finalizer" daemon [_thread_blocked, id=5232, stack(0x0000000018dc0000,0x0000000018ec0000)]
  0x0000000003002000 JavaThread "Reference Handler" daemon [_thread_blocked, id=13636, stack(0x0000000018cc0000,0x0000000018dc0000)]
  0x0000000002f12800 JavaThread "main" [_thread_in_native, id=2104, stack(0x0000000002e10000,0x0000000002f10000)]

Other Threads:
  0x0000000017b28000 VMThread [stack: 0x0000000018bc0000,0x0000000018cc0000] [id=3064]
  0x000000001961b000 WatcherThread [stack: 0x00000000199d0000,0x0000000019ad0000] [id=9080]

VM state:not at safepoint (normal execution)

VM Mutex/Monitor currently owned by a thread: None

heap address: 0x0000000081800000, size: 2024 MB, Compressed Oops mode: 32-bit
Narrow klass base: 0x0000000000000000, Narrow klass shift: 3
Compressed class space size: 1073741824 Address: 0x0000000100000000

Heap:
 PSYoungGen      total 108032K, used 56039K [0x00000000d5d80000, 0x00000000dd380000, 0x0000000100000000)
  eden space 95232K, 47% used [0x00000000d5d80000,0x00000000d8a02618,0x00000000dba80000)
  from space 12800K, 81% used [0x00000000dba80000,0x00000000dc4b7928,0x00000000dc700000)
  to   space 11776K, 0% used [0x00000000dc700000,0x00000000dc700000,0x00000000dd280000)
 ParOldGen       total 68608K, used 42794K [0x0000000081800000, 0x0000000085b00000, 0x00000000d5d80000)
  object space 68608K, 62% used [0x0000000081800000,0x00000000841ca9f8,0x0000000085b00000)
 Metaspace       used 29677K, capacity 30584K, committed 30848K, reserved 1077248K
  class space    used 3388K, capacity 3671K, committed 3712K, reserved 1048576K

Card table byte_map: [0x00000000123d0000,0x00000000127d0000] byte_map_base: 0x0000000011fc4000

Marking Bits: (ParMarkBitMap*) 0x000000006dfd6d90
 Begin Bits: [0x0000000012e80000, 0x0000000014e20000)
 End Bits:   [0x0000000014e20000, 0x0000000016dc0000)

Polling page: 0x0000000000be0000

CodeCache: size=245760Kb used=23981Kb max_used=24259Kb free=221778Kb
 bounds [0x0000000003010000, 0x0000000004800000, 0x0000000012010000]
 total_blobs=6560 nmethods=6103 adapters=369
 compilation: enabled

Compilation events (10 events):
Event: 59.836 Thread 0x0000000017b63800 6838       4       org.eclipse.aether.artifact.AbstractArtifact::equals (141 bytes)
Event: 59.895 Thread 0x0000000017b63800 nmethod 6838 0x00000000032317d0 code [0x00000000032319e0, 0x0000000003232d38]
Event: 59.949 Thread 0x0000000017b6c800 6839       3       java.lang.ThreadLocal::get (38 bytes)
Event: 59.950 Thread 0x0000000017b66800 6840       4       org.apache.maven.model.inheritance.DefaultInheritanceAssembler$InheritanceModelMerger::mergePluginContainer_Plugins (430 bytes)
Event: 59.950 Thread 0x0000000017b6c800 nmethod 6839 0x00000000031d38d0 code [0x00000000031d3a60, 0x00000000031d3de8]
Event: 59.950 Thread 0x0000000017b63800 6841       4       org.apache.maven.model.interpolation.AbstractStringBasedModelInterpolator$3::getValue (32 bytes)
Event: 59.964 Thread 0x0000000017b63800 nmethod 6841 0x000000000339c190 code [0x000000000339c300, 0x000000000339cb58]
Event: 60.225 Thread 0x0000000017b63800 6842       4       java.lang.AbstractStringBuilder::append (62 bytes)
Event: 60.235 Thread 0x0000000017b63800 nmethod 6842 0x000000000377d7d0 code [0x000000000377d940, 0x000000000377e1b8]
Event: 60.498 Thread 0x0000000017b63800 6843   !   4       org.apache.maven.model.Model::clone (502 bytes)

GC Heap History (10 events):
Event: 46.590 GC heap before
{Heap before GC invocations=10 (full 1):
 PSYoungGen      total 76288K, used 8606K [0x00000000d5d80000, 0x00000000db280000, 0x0000000100000000)
  eden space 65536K, 0% used [0x00000000d5d80000,0x00000000d5d80000,0x00000000d9d80000)
  from space 10752K, 80% used [0x00000000d9d80000,0x00000000da5e7890,0x00000000da800000)
  to   space 10752K, 0% used [0x00000000da800000,0x00000000da800000,0x00000000db280000)
 ParOldGen       total 87552K, used 22107K [0x0000000081800000, 0x0000000086d80000, 0x00000000d5d80000)
  object space 87552K, 25% used [0x0000000081800000,0x0000000082d96dc8,0x0000000086d80000)
 Metaspace       used 20500K, capacity 21140K, committed 21296K, reserved 1069056K
  class space    used 2390K, capacity 2626K, committed 2688K, reserved 1048576K
Event: 46.775 GC heap after
Heap after GC invocations=10 (full 1):
 PSYoungGen      total 76288K, used 0K [0x00000000d5d80000, 0x00000000db280000, 0x0000000100000000)
  eden space 65536K, 0% used [0x00000000d5d80000,0x00000000d5d80000,0x00000000d9d80000)
  from space 10752K, 0% used [0x00000000d9d80000,0x00000000d9d80000,0x00000000da800000)
  to   space 10752K, 0% used [0x00000000da800000,0x00000000da800000,0x00000000db280000)
 ParOldGen       total 68608K, used 23881K [0x0000000081800000, 0x0000000085b00000, 0x00000000d5d80000)
  object space 68608K, 34% used [0x0000000081800000,0x0000000082f52608,0x0000000085b00000)
 Metaspace       used 20500K, capacity 21140K, committed 21296K, reserved 1069056K
  class space    used 2390K, capacity 2626K, committed 2688K, reserved 1048576K
}
Event: 48.535 GC heap before
{Heap before GC invocations=11 (full 1):
 PSYoungGen      total 76288K, used 65536K [0x00000000d5d80000, 0x00000000db280000, 0x0000000100000000)
  eden space 65536K, 100% used [0x00000000d5d80000,0x00000000d9d80000,0x00000000d9d80000)
  from space 10752K, 0% used [0x00000000d9d80000,0x00000000d9d80000,0x00000000da800000)
  to   space 10752K, 0% used [0x00000000da800000,0x00000000da800000,0x00000000db280000)
 ParOldGen       total 68608K, used 23881K [0x0000000081800000, 0x0000000085b00000, 0x00000000d5d80000)
  object space 68608K, 34% used [0x0000000081800000,0x0000000082f52608,0x0000000085b00000)
 Metaspace       used 24530K, capacity 25224K, committed 25472K, reserved 1071104K
  class space    used 2923K, capacity 3178K, committed 3200K, reserved 1048576K
Event: 48.557 GC heap after
Heap after GC invocations=11 (full 1):
 PSYoungGen      total 75264K, used 10743K [0x00000000d5d80000, 0x00000000dd400000, 0x0000000100000000)
  eden space 64512K, 0% used [0x00000000d5d80000,0x00000000d5d80000,0x00000000d9c80000)
  from space 10752K, 99% used [0x00000000da800000,0x00000000db27df08,0x00000000db280000)
  to   space 11776K, 0% used [0x00000000d9c80000,0x00000000d9c80000,0x00000000da800000)
 ParOldGen       total 68608K, used 25382K [0x0000000081800000, 0x0000000085b00000, 0x00000000d5d80000)
  object space 68608K, 36% used [0x0000000081800000,0x00000000830c9bd0,0x0000000085b00000)
 Metaspace       used 24530K, capacity 25224K, committed 25472K, reserved 1071104K
  class space    used 2923K, capacity 3178K, committed 3200K, reserved 1048576K
}
Event: 50.607 GC heap before
{Heap before GC invocations=12 (full 1):
 PSYoungGen      total 75264K, used 75255K [0x00000000d5d80000, 0x00000000dd400000, 0x0000000100000000)
  eden space 64512K, 100% used [0x00000000d5d80000,0x00000000d9c80000,0x00000000d9c80000)
  from space 10752K, 99% used [0x00000000da800000,0x00000000db27df08,0x00000000db280000)
  to   space 11776K, 0% used [0x00000000d9c80000,0x00000000d9c80000,0x00000000da800000)
 ParOldGen       total 68608K, used 25382K [0x0000000081800000, 0x0000000085b00000, 0x00000000d5d80000)
  object space 68608K, 36% used [0x0000000081800000,0x00000000830c9bd0,0x0000000085b00000)
 Metaspace       used 26007K, capacity 26892K, committed 27008K, reserved 1073152K
  class space    used 3063K, capacity 3350K, committed 3456K, reserved 1048576K
Event: 50.636 GC heap after
Heap after GC invocations=12 (full 1):
 PSYoungGen      total 76288K, used 6620K [0x00000000d5d80000, 0x00000000dd280000, 0x0000000100000000)
  eden space 64512K, 0% used [0x00000000d5d80000,0x00000000d5d80000,0x00000000d9c80000)
  from space 11776K, 56% used [0x00000000d9c80000,0x00000000da2f7358,0x00000000da800000)
  to   space 11776K, 0% used [0x00000000dc700000,0x00000000dc700000,0x00000000dd280000)
 ParOldGen       total 68608K, used 36033K [0x0000000081800000, 0x0000000085b00000, 0x00000000d5d80000)
  object space 68608K, 52% used [0x0000000081800000,0x0000000083b30538,0x0000000085b00000)
 Metaspace       used 26007K, capacity 26892K, committed 27008K, reserved 1073152K
  class space    used 3063K, capacity 3350K, committed 3456K, reserved 1048576K
}
Event: 51.953 GC heap before
{Heap before GC invocations=13 (full 1):
 PSYoungGen      total 76288K, used 71132K [0x00000000d5d80000, 0x00000000dd280000, 0x0000000100000000)
  eden space 64512K, 100% used [0x00000000d5d80000,0x00000000d9c80000,0x00000000d9c80000)
  from space 11776K, 56% used [0x00000000d9c80000,0x00000000da2f7358,0x00000000da800000)
  to   space 11776K, 0% used [0x00000000dc700000,0x00000000dc700000,0x00000000dd280000)
 ParOldGen       total 68608K, used 36033K [0x0000000081800000, 0x0000000085b00000, 0x00000000d5d80000)
  object space 68608K, 52% used [0x0000000081800000,0x0000000083b30538,0x0000000085b00000)
 Metaspace       used 26934K, capacity 27822K, committed 28032K, reserved 1073152K
  class space    used 3169K, capacity 3441K, committed 3456K, reserved 1048576K
Event: 51.968 GC heap after
Heap after GC invocations=13 (full 1):
 PSYoungGen      total 107008K, used 2158K [0x00000000d5d80000, 0x00000000dd380000, 0x0000000100000000)
  eden space 95232K, 0% used [0x00000000d5d80000,0x00000000d5d80000,0x00000000dba80000)
  from space 11776K, 18% used [0x00000000dc700000,0x00000000dc91bbd8,0x00000000dd280000)
  to   space 12800K, 0% used [0x00000000dba80000,0x00000000dba80000,0x00000000dc700000)
 ParOldGen       total 68608K, used 41906K [0x0000000081800000, 0x0000000085b00000, 0x00000000d5d80000)
  object space 68608K, 61% used [0x0000000081800000,0x00000000840ec9e8,0x0000000085b00000)
 Metaspace       used 26934K, capacity 27822K, committed 28032K, reserved 1073152K
  class space    used 3169K, capacity 3441K, committed 3456K, reserved 1048576K
}
Event: 54.830 GC heap before
{Heap before GC invocations=14 (full 1):
 PSYoungGen      total 107008K, used 97390K [0x00000000d5d80000, 0x00000000dd380000, 0x0000000100000000)
  eden space 95232K, 100% used [0x00000000d5d80000,0x00000000dba80000,0x00000000dba80000)
  from space 11776K, 18% used [0x00000000dc700000,0x00000000dc91bbd8,0x00000000dd280000)
  to   space 12800K, 0% used [0x00000000dba80000,0x00000000dba80000,0x00000000dc700000)
 ParOldGen       total 68608K, used 41906K [0x0000000081800000, 0x0000000085b00000, 0x00000000d5d80000)
  object space 68608K, 61% used [0x0000000081800000,0x00000000840ec9e8,0x0000000085b00000)
 Metaspace       used 28013K, capacity 28922K, committed 29184K, reserved 1075200K
  class space    used 3286K, capacity 3571K, committed 3584K, reserved 1048576K
Event: 54.846 GC heap after
Heap after GC invocations=14 (full 1):
 PSYoungGen      total 108032K, used 10462K [0x00000000d5d80000, 0x00000000dd380000, 0x0000000100000000)
  eden space 95232K, 0% used [0x00000000d5d80000,0x00000000d5d80000,0x00000000dba80000)
  from space 12800K, 81% used [0x00000000dba80000,0x00000000dc4b7928,0x00000000dc700000)
  to   space 11776K, 0% used [0x00000000dc700000,0x00000000dc700000,0x00000000dd280000)
 ParOldGen       total 68608K, used 42794K [0x0000000081800000, 0x0000000085b00000, 0x00000000d5d80000)
  object space 68608K, 62% used [0x0000000081800000,0x00000000841ca9f8,0x0000000085b00000)
 Metaspace       used 28013K, capacity 28922K, committed 29184K, reserved 1075200K
  class space    used 3286K, capacity 3571K, committed 3584K, reserved 1048576K
}

Deoptimization events (10 events):
Event: 56.100 Thread 0x0000000002f12800 Uncommon trap: reason=class_check action=maybe_recompile pc=0x000000000465492c method=com.sun.tools.javac.code.Types.checkUnsafeVarargsConversion(Lcom/sun/tools/javac/code/Type;Lcom/sun/tools/javac/code/Type;Lcom/sun/tools/javac/util/Warner;)V @ 25
Event: 56.101 Thread 0x0000000002f12800 Uncommon trap: reason=class_check action=maybe_recompile pc=0x000000000465492c method=com.sun.tools.javac.code.Types.checkUnsafeVarargsConversion(Lcom/sun/tools/javac/code/Type;Lcom/sun/tools/javac/code/Type;Lcom/sun/tools/javac/util/Warner;)V @ 25
Event: 56.132 Thread 0x0000000002f12800 Uncommon trap: reason=bimorphic action=maybe_recompile pc=0x0000000003502748 method=com.sun.tools.javac.code.Symbol.flatName()Lcom/sun/tools/javac/util/Name; @ 1
Event: 56.200 Thread 0x0000000002f12800 Uncommon trap: reason=unstable_if action=reinterpret pc=0x00000000046aa520 method=com.sun.tools.javac.comp.Resolve.selectBest(Lcom/sun/tools/javac/comp/Env;Lcom/sun/tools/javac/code/Type;Lcom/sun/tools/javac/util/List;Lcom/sun/tools/javac/util/List;Lcom/s
Event: 56.201 Thread 0x0000000002f12800 Uncommon trap: reason=unstable_if action=reinterpret pc=0x0000000003835ed0 method=com.sun.tools.javac.code.Symbol$TypeSymbol.formFullName(Lcom/sun/tools/javac/util/Name;Lcom/sun/tools/javac/code/Symbol;)Lcom/sun/tools/javac/util/Name; @ 22
Event: 56.202 Thread 0x0000000002f12800 Uncommon trap: reason=class_check action=maybe_recompile pc=0x000000000431540c method=com.sun.tools.javac.code.Type$ClassType.allparams()Lcom/sun/tools/javac/util/List; @ 16
Event: 56.445 Thread 0x0000000002f12800 Uncommon trap: reason=unstable_if action=reinterpret pc=0x000000000458f994 method=com.sun.tools.javac.code.Types.isSubtypeUncheckedInternal(Lcom/sun/tools/javac/code/Type;Lcom/sun/tools/javac/code/Type;Lcom/sun/tools/javac/util/Warner;)Z @ 110
Event: 58.103 Thread 0x0000000002f12800 Uncommon trap: reason=unstable_if action=reinterpret pc=0x0000000003cb8714 method=org.eclipse.aether.util.graph.transformer.ConflictResolver$State.deriveScope(Lorg/eclipse/aether/graph/DependencyNode;Ljava/lang/Object;)Ljava/lang/String; @ 8
Event: 58.103 Thread 0x0000000002f12800 Uncommon trap: reason=unstable_if action=reinterpret pc=0x0000000003d09040 method=org.eclipse.aether.util.graph.transformer.ConflictResolver$State.deriveScope(Lorg/eclipse/aether/graph/DependencyNode;Ljava/lang/Object;)Ljava/lang/String; @ 8
Event: 59.815 Thread 0x000000001ab46000 Uncommon trap: reason=unstable_if action=reinterpret pc=0x0000000003786e70 method=java.lang.ThreadLocal.get()Ljava/lang/Object; @ 11

Classes redefined (0 events):
No events

Internal exceptions (10 events):
Event: 48.400 Thread 0x0000000002f12800 Exception <a 'java/io/FileNotFoundException'> (0x00000000d9229848) thrown at [C:\re\workspace\8-2-build-windows-amd64-cygwin\jdk8u231\13620\hotspot\src\share\vm\prims\jni.cpp, line 710]
Event: 48.403 Thread 0x0000000002f12800 Exception <a 'java/io/FileNotFoundException'> (0x00000000d925f300) thrown at [C:\re\workspace\8-2-build-windows-amd64-cygwin\jdk8u231\13620\hotspot\src\share\vm\prims\jni.cpp, line 710]
Event: 48.583 Thread 0x0000000002f12800 Exception <a 'java/io/FileNotFoundException'> (0x00000000d5ea67a0) thrown at [C:\re\workspace\8-2-build-windows-amd64-cygwin\jdk8u231\13620\hotspot\src\share\vm\prims\jni.cpp, line 710]
Event: 50.092 Thread 0x0000000002f12800 Exception <a 'java/security/PrivilegedActionException'> (0x00000000d89eae18) thrown at [C:\re\workspace\8-2-build-windows-amd64-cygwin\jdk8u231\13620\hotspot\src\share\vm\prims\jvm.cpp, line 1502]
Event: 50.093 Thread 0x0000000002f12800 Exception <a 'java/security/PrivilegedActionException'> (0x00000000d89eb3f8) thrown at [C:\re\workspace\8-2-build-windows-amd64-cygwin\jdk8u231\13620\hotspot\src\share\vm\prims\jvm.cpp, line 1502]
Event: 50.093 Thread 0x0000000002f12800 Exception <a 'java/security/PrivilegedActionException'> (0x00000000d89ed060) thrown at [C:\re\workspace\8-2-build-windows-amd64-cygwin\jdk8u231\13620\hotspot\src\share\vm\prims\jvm.cpp, line 1502]
Event: 50.093 Thread 0x0000000002f12800 Exception <a 'java/security/PrivilegedActionException'> (0x00000000d89ed640) thrown at [C:\re\workspace\8-2-build-windows-amd64-cygwin\jdk8u231\13620\hotspot\src\share\vm\prims\jvm.cpp, line 1502]
Event: 52.128 Thread 0x0000000002f12800 Implicit null exception at 0x0000000003f2c2cf to 0x0000000003f2c3cd
Event: 59.792 Thread 0x0000000002f12800 Exception <a 'java/lang/NoSuchMethodError': org.apache.maven.execution.MavenExecutionRequest.getFailureBehavior()Ljava/lang/String;> (0x00000000d85c1d50) thrown at [C:\re\workspace\8-2-build-windows-amd64-cygwin\jdk8u231\13620\hotspot\src\share\vm\interpr
Event: 59.815 Thread 0x000000001ab46000 Implicit null exception at 0x0000000003786d8c to 0x0000000003786e59

Events (10 events):
Event: 60.186 Executing VM operation: RevokeBias
Event: 60.186 Executing VM operation: RevokeBias done
Event: 60.186 Thread 0x000000001ab46000 Thread exited: 0x000000001ab46000
Event: 60.236 Thread 0x0000000017b63800 flushing nmethod 0x0000000003c6ac90
Event: 60.236 Thread 0x0000000017b63800 flushing nmethod 0x0000000003c6cf90
Event: 60.236 Thread 0x0000000017b63800 flushing nmethod 0x0000000003c754d0
Event: 60.236 Thread 0x0000000017b63800 flushing nmethod 0x0000000003cb9490
Event: 60.236 Thread 0x0000000017b63800 flushing nmethod 0x0000000003cba450
Event: 60.236 Thread 0x0000000017b63800 flushing nmethod 0x0000000003cbb550
Event: 60.236 Thread 0x0000000017b63800 flushing nmethod 0x0000000003d0fe50


Dynamic libraries:
0x00007ff6a24d0000 - 0x00007ff6a2507000 	C:\Program Files\Java\jdk1.8.0_231\bin\javaw.exe
0x00007ff840ea0000 - 0x00007ff841090000 	C:\WINDOWS\SYSTEM32\ntdll.dll
0x00007ff83fe30000 - 0x00007ff83fee2000 	C:\WINDOWS\System32\KERNEL32.DLL
0x00007ff83e9b0000 - 0x00007ff83ec54000 	C:\WINDOWS\System32\KERNELBASE.dll
0x00007ff83ff00000 - 0x00007ff83ffa3000 	C:\WINDOWS\System32\ADVAPI32.dll
0x00007ff840250000 - 0x00007ff8402ee000 	C:\WINDOWS\System32\msvcrt.dll
0x00007ff83f5f0000 - 0x00007ff83f687000 	C:\WINDOWS\System32\sechost.dll
0x00007ff83f400000 - 0x00007ff83f520000 	C:\WINDOWS\System32\RPCRT4.dll
0x00007ff83f0b0000 - 0x00007ff83f244000 	C:\WINDOWS\System32\USER32.dll
0x00007ff83df30000 - 0x00007ff83df51000 	C:\WINDOWS\System32\win32u.dll
0x00007ff840530000 - 0x00007ff840556000 	C:\WINDOWS\System32\GDI32.dll
0x00007ff83edb0000 - 0x00007ff83ef44000 	C:\WINDOWS\System32\gdi32full.dll
0x00007ff83e190000 - 0x00007ff83e22e000 	C:\WINDOWS\System32\msvcp_win.dll
0x00007ff83e010000 - 0x00007ff83e10a000 	C:\WINDOWS\System32\ucrtbase.dll
0x00007ff82e850000 - 0x00007ff82ead4000 	C:\WINDOWS\WinSxS\amd64_microsoft.windows.common-controls_6595b64144ccf1df_6.0.18362.815_none_e6c3b941130ffef4\COMCTL32.dll
0x00007ff840b20000 - 0x00007ff840e56000 	C:\WINDOWS\System32\combase.dll
0x00007ff83de30000 - 0x00007ff83deb0000 	C:\WINDOWS\System32\bcryptPrimitives.dll
0x00007ff8403f0000 - 0x00007ff84041e000 	C:\WINDOWS\System32\IMM32.DLL
0x000000006e060000 - 0x000000006e132000 	C:\Program Files\Java\jdk1.8.0_231\jre\bin\msvcr100.dll
0x000000006d7b0000 - 0x000000006e056000 	C:\Program Files\Java\jdk1.8.0_231\jre\bin\server\jvm.dll
0x00007ff840560000 - 0x00007ff840568000 	C:\WINDOWS\System32\PSAPI.DLL
0x00007ff820d00000 - 0x00007ff820d09000 	C:\WINDOWS\SYSTEM32\WSOCK32.dll
0x00007ff83bcd0000 - 0x00007ff83bcf4000 	C:\WINDOWS\SYSTEM32\WINMM.dll
0x00007ff836ba0000 - 0x00007ff836baa000 	C:\WINDOWS\SYSTEM32\VERSION.dll
0x00007ff840ab0000 - 0x00007ff840b1f000 	C:\WINDOWS\System32\WS2_32.dll
0x00007ff83b930000 - 0x00007ff83b95d000 	C:\WINDOWS\SYSTEM32\WINMMBASE.dll
0x00007ff83e110000 - 0x00007ff83e15a000 	C:\WINDOWS\System32\cfgmgr32.dll
0x00007ff82fed0000 - 0x00007ff82fedf000 	C:\Program Files\Java\jdk1.8.0_231\jre\bin\verify.dll
0x00007ff820e90000 - 0x00007ff820eb9000 	C:\Program Files\Java\jdk1.8.0_231\jre\bin\java.dll
0x00007ff82f5e0000 - 0x00007ff82f5f6000 	C:\Program Files\Java\jdk1.8.0_231\jre\bin\zip.dll
0x00007ff83f740000 - 0x00007ff83fe24000 	C:\WINDOWS\System32\SHELL32.dll
0x00007ff83f690000 - 0x00007ff83f739000 	C:\WINDOWS\System32\shcore.dll
0x00007ff83e230000 - 0x00007ff83e9ad000 	C:\WINDOWS\System32\windows.storage.dll
0x00007ff83de00000 - 0x00007ff83de23000 	C:\WINDOWS\System32\profapi.dll
0x00007ff83dd90000 - 0x00007ff83ddda000 	C:\WINDOWS\System32\powrprof.dll
0x00007ff83dd60000 - 0x00007ff83dd70000 	C:\WINDOWS\System32\UMPDC.dll
0x00007ff83ffb0000 - 0x00007ff840002000 	C:\WINDOWS\System32\shlwapi.dll
0x00007ff83dd70000 - 0x00007ff83dd81000 	C:\WINDOWS\System32\kernel.appcore.dll
0x00007ff83deb0000 - 0x00007ff83dec7000 	C:\WINDOWS\System32\cryptsp.dll
0x00007ff83d0e0000 - 0x00007ff83d113000 	C:\WINDOWS\system32\rsaenh.dll
0x00007ff83e160000 - 0x00007ff83e186000 	C:\WINDOWS\System32\bcrypt.dll
0x00007ff83dc50000 - 0x00007ff83dc75000 	C:\WINDOWS\SYSTEM32\USERENV.dll
0x00007ff83d7a0000 - 0x00007ff83d7ac000 	C:\WINDOWS\SYSTEM32\CRYPTBASE.dll
0x00007ff82ffd0000 - 0x00007ff82ffea000 	C:\Program Files\Java\jdk1.8.0_231\jre\bin\net.dll
0x00007ff83d5d0000 - 0x00007ff83d637000 	C:\WINDOWS\system32\mswsock.dll
0x00007ff83d280000 - 0x00007ff83d2ba000 	C:\WINDOWS\SYSTEM32\IPHLPAPI.DLL
0x00007ff8401d0000 - 0x00007ff8401d8000 	C:\WINDOWS\System32\NSI.dll
0x00007ff831dd0000 - 0x00007ff831de6000 	C:\WINDOWS\SYSTEM32\dhcpcsvc6.DLL
0x00007ff831ec0000 - 0x00007ff831edc000 	C:\WINDOWS\SYSTEM32\dhcpcsvc.DLL
0x00007ff83d2c0000 - 0x00007ff83d38b000 	C:\WINDOWS\SYSTEM32\DNSAPI.dll
0x00007ff82ffb0000 - 0x00007ff82ffc2000 	C:\Program Files\Java\jdk1.8.0_231\jre\bin\nio.dll
0x00007ff83a0a0000 - 0x00007ff83a0aa000 	C:\Users\breno\AppData\Local\Temp\jansi-1.16-2543781514623415663.dll
0x00007ff8396d0000 - 0x00007ff8396da000 	C:\Users\breno\AppData\Local\Temp\jansi-1.16-1646228029039337021.dll
0x00007ff82ff50000 - 0x00007ff82ff5d000 	C:\Program Files\Java\jdk1.8.0_231\jre\bin\management.dll
0x00007ff824f20000 - 0x00007ff824f36000 	C:\WINDOWS\system32\napinsp.dll
0x00007ff824f00000 - 0x00007ff824f1a000 	C:\WINDOWS\system32\pnrpnsp.dll
0x00007ff824ef0000 - 0x00007ff824efe000 	C:\WINDOWS\System32\winrnr.dll
0x00007ff83a5a0000 - 0x00007ff83a5bc000 	C:\WINDOWS\system32\NLAapi.dll
0x00007ff824ea0000 - 0x00007ff824eb5000 	C:\WINDOWS\system32\wshbth.dll
0x00007ff82ecc0000 - 0x00007ff82ecca000 	C:\Windows\System32\rasadhlp.dll
0x00007ff831a40000 - 0x00007ff831ab7000 	C:\WINDOWS\System32\fwpuclnt.dll

VM Arguments:
jvm_args: -Dmaven.home=C:\Users\breno\Downloads\arquivos raphael\apache-maven-3.5.2 -Dclassworlds.conf=C:\Breno usuário\eclipse\.metadata\.plugins\org.eclipse.m2e.launching\launches\m2conf2471106783168424697.tmp -Dmaven.multiModuleProjectDirectory=C:\Breno usuário\eclipse\architecture-example -Dfile.encoding=Cp1252 
java_command: org.codehaus.plexus.classworlds.launcher.Launcher -B -gs C:\Users\breno\Downloads\arquivos raphael\apache-maven-3.5.2\conf\settings.xml -s C:\Users\breno\Downloads\apache\apache-maven-3.6.3\conf\settings.xml clean package liquibase:diff
java_class_path (initial): C:\Users\breno\Downloads\arquivos raphael\apache-maven-3.5.2\boot\plexus-classworlds-2.5.2.jar
Launcher Type: SUN_STANDARD

Environment Variables:
JAVA_HOME=C:\Program Files\Java\jdk1.8.0_231\
PATH=C:/Program Files/Java/jre1.8.0_231/bin/server;C:/Program Files/Java/jre1.8.0_231/bin;C:/Program Files/Java/jre1.8.0_231/lib/amd64;C:\Program Files (x86)\Common Files\Oracle\Java\javapath;C:\Program Files (x86)\Common Files\;C:\Users\breno\Downloads\arquivos raphael\apache-maven-3.5.2\bin;C:\Program Files (x86)\Intel\Intel(R) Management Engine Components\DAL;C:\Program Files\Intel\Intel(R) Management Engine Components\DAL;C:\Program Files\Java\jdk1.8.0_231\bin;";C:\Users\breno\Downloads\arquivos raphael\apache-maven-3.5.2\bin";"C:\WINDOWS;";"C:\WINDOWS\system32;";C:\Users\breno\AppData\Local\Microsoft\WindowsApps;;C:\Users\breno\AppData\Local\Programs\Microsoft VS Code\bin;C:\Program Files\JetBrains\IntelliJ IDEA 2020.1\bin;;C:\Program Files (x86)\RocketDock;
USERNAME=breno
OS=Windows_NT
PROCESSOR_IDENTIFIER=Intel64 Family 6 Model 142 Stepping 9, GenuineIntel



---------------  S Y S T E M  ---------------

OS: Windows 10.0 , 64 bit Build 18362 (10.0.18362.778)

CPU:total 4 (initial active 4) (2 cores per cpu, 2 threads per core) family 6 model 142 stepping 9, cmov, cx8, fxsr, mmx, sse, sse2, sse3, ssse3, sse4.1, sse4.2, popcnt, avx, avx2, aes, clmul, erms, 3dnowpref, lzcnt, ht, tsc, tscinvbit, bmi1, bmi2, adx

Memory: 4k page, physical 8284916k(785168k free), swap 10230516k(2524k free)

vm_info: Java HotSpot(TM) 64-Bit Server VM (25.231-b11) for windows-amd64 JRE (1.8.0_231-b11), built on Oct  5 2019 03:11:30 by "java_re" with MS VC++ 10.0 (VS2010)

time: Mon Apr 27 21:10:30 2020
timezone: Hora oficial do Brasil
elapsed time: 61 seconds (0d 0h 1m 1s)

